Arguments: 
  /usr/local/Cellar/node/17.6.0_1/bin/node /usr/local/Cellar/yarn/1.22.17_2/libexec/bin/yarn.js

PATH: 
  /usr/local/opt/llvm@12/bin:/opt/local/bin:/usr/local/opt/e2fsprogs/sbin:/usr/local/opt/e2fsprogs/bin:/usr/local/opt/opencv@3/bin:/usr/local/opt/llvm/bin:/usr/local/bin:/usr/bin:/bin:/usr/sbin:/sbin

Yarn version: 
  1.22.17

Node version: 
  17.6.0

Platform: 
  darwin x64

Trace: 
  SyntaxError: /Users/pritpalsinghsaini/coding/programming/proj/packages/server/package.json: Unexpected end of JSON input
      at JSON.parse (<anonymous>)
      at /usr/local/Cellar/yarn/1.22.17_2/libexec/lib/cli.js:1625:59
      at Generator.next (<anonymous>)
      at step (/usr/local/Cellar/yarn/1.22.17_2/libexec/lib/cli.js:310:30)
      at /usr/local/Cellar/yarn/1.22.17_2/libexec/lib/cli.js:321:13

npm manifest: 
  

yarn manifest: 
  No manifest

Lockfile: 
  No lockfile
